<?xml version="1.0" encoding="UTF-8"?>
<!-- Generated by org.testng.reporters.JUnitReportReporter -->
<testsuite hostname="LAPTOP-JH6L6V8L" failures="0" tests="1" name="sample.demo" time="0.011" errors="0" timestamp="2023-04-12T10:53:40 IST" skipped="0">
  <testcase classname="sample.demo" name="demo" time="0.011"/>
  <system-out/>
</testsuite> <!-- sample.demo -->
